e:\opengl\opengl_testprojects\opengl_templateproject\opengl_templateproject2\x64\debug\vc143.pdb
e:\opengl\opengl_testprojects\opengl_templateproject\opengl_templateproject2\x64\debug\vc143.idb
e:\opengl\opengl_testprojects\opengl_templateproject\opengl_templateproject2\x64\debug\7_more_3d_cube2.0.obj
e:\opengl\opengl_testprojects\opengl_templateproject\opengl_templateproject2\x64\debug\6_first3d_cube.obj
e:\opengl\opengl_testprojects\opengl_templateproject\opengl_templateproject2\x64\debug\5_simpleanimation.obj
e:\opengl\opengl_testprojects\opengl_templateproject\opengl_templateproject2\x64\debug\4_loadglsl_code.obj
e:\opengl\opengl_testprojects\opengl_templateproject\opengl_templateproject2\x64\debug\1_createwindow.obj
e:\opengl\opengl_testprojects\opengl_templateproject\opengl_templateproject2\x64\debug\2_drawonepoint.obj
e:\opengl\opengl_testprojects\opengl_templateproject\opengl_templateproject2\x64\debug\3_debugglsl.obj
e:\opengl\opengl_testprojects\opengl_templateproject\opengl_templateproject2\x64\debug\22_heightmappedterrain.obj
e:\opengl\opengl_testprojects\opengl_templateproject\opengl_templateproject2\x64\debug\21_normalmapping.obj
e:\opengl\opengl_testprojects\opengl_templateproject\opengl_templateproject2\x64\debug\20_normalmappingmoon.obj
e:\opengl\opengl_testprojects\opengl_templateproject\opengl_templateproject2\x64\debug\19_procbump.obj
e:\opengl\opengl_testprojects\opengl_templateproject\opengl_templateproject2\x64\debug\18_skyboxcubex.obj
e:\opengl\opengl_testprojects\opengl_templateproject\opengl_templateproject2\x64\debug\17_light_shadow.obj
e:\opengl\opengl_testprojects\opengl_templateproject\opengl_templateproject2\x64\debug\16_light_ads_texture.obj
e:\opengl\opengl_testprojects\opengl_templateproject\opengl_templateproject2\x64\debug\15_light_ads.obj
e:\opengl\opengl_testprojects\opengl_templateproject\opengl_templateproject2\x64\debug\14_load_mesh.obj
e:\opengl\opengl_testprojects\opengl_templateproject\opengl_templateproject2\x64\debug\13_generate_torus.obj
e:\opengl\opengl_testprojects\opengl_templateproject\opengl_templateproject2\x64\debug\12_generate_sphere.obj
e:\opengl\opengl_testprojects\opengl_templateproject\opengl_templateproject2\x64\debug\11_load_texture_6.0.obj
e:\opengl\opengl_testprojects\opengl_templateproject\opengl_templateproject2\x64\debug\10_more_stack_mat4_5.0.obj
e:\opengl\opengl_testprojects\opengl_templateproject\opengl_templateproject2\x64\debug\utils.obj
e:\opengl\opengl_testprojects\opengl_templateproject\opengl_templateproject2\x64\debug\torus.obj
e:\opengl\opengl_testprojects\opengl_templateproject\opengl_templateproject2\x64\debug\toolslibrary.obj
e:\opengl\opengl_testprojects\opengl_templateproject\opengl_templateproject2\x64\debug\sphere.obj
e:\opengl\opengl_testprojects\opengl_templateproject\opengl_templateproject2\x64\debug\modelloader.obj
e:\opengl\opengl_testprojects\opengl_templateproject\opengl_templateproject2\x64\debug\commonlibrary.obj
e:\opengl\opengl_testprojects\opengl_templateproject\opengl_templateproject2\x64\debug\9_more_3d_shapeinstance4.0.obj
e:\opengl\opengl_testprojects\opengl_templateproject\opengl_templateproject2\x64\debug\8_more_3d_cubeinstance3.0.obj
e:\opengl\opengl_testprojects\opengl_templateproject\opengl_templateproject2\x64\debug\23_tessellationgridonly.obj
e:\opengl\opengl_testprojects\opengl_templateproject\opengl_templateproject2\x64\debug\24_tessellationbezier.obj
e:\opengl\opengl_testprojects\opengl_templateproject\opengl_templateproject2\x64\debug\25_tessellationheightmapped.obj
e:\opengl\opengl_testprojects\opengl_templateproject\opengl_templateproject2\x64\debug\26_tessellationheightmappedlight.obj
e:\opengl\opengl_testprojects\opengl_templateproject\opengl_templateproject2\x64\debug\27_tessellationheightmappedlod.obj
e:\opengl\opengl_testprojects\opengl_templateproject\opengl_templateproject2\x64\debug\28_geommodinflate.obj
e:\opengl\opengl_testprojects\opengl_templateproject\x64\debug\opengl_templateproject2.exe
e:\opengl\opengl_testprojects\opengl_templateproject\opengl_templateproject2\x64\debug\opengl_templateproject2.ilk
e:\opengl\opengl_testprojects\opengl_templateproject\x64\debug\opengl_templateproject2.pdb
e:\opengl\opengl_testprojects\opengl_templateproject\opengl_templateproject2\x64\debug\opengl_t.322e3648.tlog\cl.command.1.tlog
e:\opengl\opengl_testprojects\opengl_templateproject\opengl_templateproject2\x64\debug\opengl_t.322e3648.tlog\cl.read.1.tlog
e:\opengl\opengl_testprojects\opengl_templateproject\opengl_templateproject2\x64\debug\opengl_t.322e3648.tlog\cl.write.1.tlog
e:\opengl\opengl_testprojects\opengl_templateproject\opengl_templateproject2\x64\debug\opengl_t.322e3648.tlog\link.command.1.tlog
e:\opengl\opengl_testprojects\opengl_templateproject\opengl_templateproject2\x64\debug\opengl_t.322e3648.tlog\link.read.1.tlog
e:\opengl\opengl_testprojects\opengl_templateproject\opengl_templateproject2\x64\debug\opengl_t.322e3648.tlog\link.write.1.tlog
